2026-03-30 21:40:02,982 [INFO] 检查依赖...
2026-03-30 21:40:03,776 [INFO] \u2705 依赖检查通过
2026-03-30 21:40:03,776 [INFO] 读取小说: novels.txt
2026-03-30 21:40:03,777 [INFO] \u23ed\ufe0f 16宫格已生成，跳过
2026-03-30 21:40:03,777 [INFO] ============================================================
2026-03-30 21:40:03,777 [INFO] [2/5] HD升级场景
2026-03-30 21:40:03,777 [INFO] ============================================================
2026-03-30 21:40:04,526 [INFO] \u23ed\ufe0f Scene 01 HD已完成，跳过
2026-03-30 21:40:04,526 [INFO] \u23ed\ufe0f Scene 02 HD已完成，跳过
2026-03-30 21:40:04,526 [INFO] \u23ed\ufe0f Scene 03 HD已完成，跳过
2026-03-30 21:40:04,526 [INFO] \u23ed\ufe0f Scene 04 HD已完成，跳过
2026-03-30 21:40:04,526 [INFO] \u23ed\ufe0f Scene 05 HD已完成，跳过
2026-03-30 21:40:04,536 [INFO] \u23ed\ufe0f Scene 06 HD已完成，跳过
2026-03-30 21:40:04,536 [INFO] \u23ed\ufe0f Scene 07 HD已完成，跳过
2026-03-30 21:40:04,536 [INFO] \u23ed\ufe0f Scene 08 HD已完成，跳过
2026-03-30 21:40:04,536 [INFO] \u23ed\ufe0f Scene 09 HD已完成，跳过
2026-03-30 21:40:04,536 [INFO] \u23ed\ufe0f Scene 10 HD已完成，跳过
2026-03-30 21:40:04,536 [INFO] \u23ed\ufe0f Scene 11 HD已完成，跳过
2026-03-30 21:40:04,536 [INFO] \u23ed\ufe0f Scene 12 HD已完成，跳过
2026-03-30 21:40:04,536 [INFO] \u23ed\ufe0f Scene 13 HD已完成，跳过
2026-03-30 21:40:04,536 [INFO] \u23ed\ufe0f Scene 14 HD已完成，跳过
2026-03-30 21:40:04,536 [INFO] \u23ed\ufe0f Scene 15 HD已完成，跳过
2026-03-30 21:40:04,536 [INFO] \u23ed\ufe0f Scene 16 HD已完成，跳过
2026-03-30 21:40:04,536 [INFO] \u2705 所有场景HD升级完成
2026-03-30 21:40:04,536 [INFO] ============================================================
2026-03-30 21:40:04,536 [INFO] [3/5] 生成音频
2026-03-30 21:40:04,536 [INFO] ============================================================
2026-03-30 21:40:04,538 [ERROR] \u274c 工作流失败: No module named 'cosyvoice'
Traceback (most recent call last):
  File "C:\Users\pc\PycharmProjects\TOOL\Pictory\Prototype2\main.py", line 407, in main
    step3_generate_audio(novel_text, progress)
  File "C:\Users\pc\PycharmProjects\TOOL\Pictory\Prototype2\main.py", line 269, in step3_generate_audio
    from cosyvoice.cli.cosyvoice import AutoModel
ModuleNotFoundError: No module named 'cosyvoice'
Traceback (most recent call last):
  File "C:\Users\pc\PycharmProjects\TOOL\Pictory\Prototype2\main.py", line 420, in <module>
    main()
  File "C:\Users\pc\PycharmProjects\TOOL\Pictory\Prototype2\main.py", line 407, in main
    step3_generate_audio(novel_text, progress)
  File "C:\Users\pc\PycharmProjects\TOOL\Pictory\Prototype2\main.py", line 269, in step3_generate_audio
    from cosyvoice.cli.cosyvoice import AutoModel
ModuleNotFoundError: No module named 'cosyvoice'
